Traceback (most recent call last):
  File "/Users/songxu/Developer/suoke_life/services/accessibility-service/cmd/server/main.py", line 23, in <module>
    from internal.delivery.grpc_server import AccessibilityServicer
  File "/Users/songxu/Developer/suoke_life/services/accessibility-service/internal/delivery/grpc_server.py", line 16, in <module>
    from api.grpc import accessibility_pb2 as pb2
ImportError: cannot import name 'accessibility_pb2' from 'api.grpc' (unknown location)
Traceback (most recent call last):
  File "/Users/songxu/Developer/suoke_life/services/accessibility-service/cmd/server/main.py", line 23, in <module>
    from internal.delivery.grpc_server import AccessibilityServicer
  File "/Users/songxu/Developer/suoke_life/services/accessibility-service/internal/delivery/grpc_server.py", line 17, in <module>
    from api.grpc import accessibility_pb2_grpc as pb2_grpc
  File "/Users/songxu/Developer/suoke_life/services/accessibility-service/api/grpc/accessibility_pb2_grpc.py", line 6, in <module>
    import accessibility_pb2 as accessibility__pb2
ModuleNotFoundError: No module named 'accessibility_pb2'
Traceback (most recent call last):
  File "/Users/songxu/Developer/suoke_life/services/accessibility-service/cmd/server/main.py", line 197, in <module>
    main()
    ~~~~^^
  File "/Users/songxu/Developer/suoke_life/services/accessibility-service/cmd/server/main.py", line 122, in main
    setup_logging()
    ~~~~~~~~~~~~~^^
  File "/Users/songxu/Developer/suoke_life/services/accessibility-service/cmd/server/main.py", line 40, in setup_logging
    os.makedirs(log_dir, exist_ok=True)
    ~~~~~~~~~~~^^^^^^^^^^^^^^^^^^^^^^^^
  File "<frozen os>", line 227, in makedirs
PermissionError: [Errno 13] Permission denied: '/var/log/accessibility-service'
Traceback (most recent call last):
  File "/Users/songxu/Developer/suoke_life/services/accessibility-service/cmd/server/main.py", line 197, in <module>
    main()
    ~~~~^^
  File "/Users/songxu/Developer/suoke_life/services/accessibility-service/cmd/server/main.py", line 122, in main
    setup_logging()
    ~~~~~~~~~~~~~^^
  File "/Users/songxu/Developer/suoke_life/services/accessibility-service/cmd/server/main.py", line 40, in setup_logging
    os.makedirs(log_dir, exist_ok=True)
    ~~~~~~~~~~~^^^^^^^^^^^^^^^^^^^^^^^^
  File "<frozen os>", line 227, in makedirs
PermissionError: [Errno 13] Permission denied: '/var/log/accessibility-service'
Traceback (most recent call last):
  File "/Users/songxu/Developer/suoke_life/services/accessibility-service/cmd/server/main.py", line 197, in <module>
    main()
    ~~~~^^
  File "/Users/songxu/Developer/suoke_life/services/accessibility-service/cmd/server/main.py", line 122, in main
    setup_logging()
    ~~~~~~~~~~~~~^^
  File "/Users/songxu/Developer/suoke_life/services/accessibility-service/cmd/server/main.py", line 40, in setup_logging
    os.makedirs(log_dir, exist_ok=True)
    ~~~~~~~~~~~^^^^^^^^^^^^^^^^^^^^^^^^
  File "<frozen os>", line 227, in makedirs
PermissionError: [Errno 13] Permission denied: '/var/log/accessibility-service'
Traceback (most recent call last):
  File "/Users/songxu/Developer/suoke_life/services/accessibility-service/cmd/server/main.py", line 197, in <module>
    main()
    ~~~~^^
  File "/Users/songxu/Developer/suoke_life/services/accessibility-service/cmd/server/main.py", line 122, in main
    setup_logging()
    ~~~~~~~~~~~~~^^
  File "/Users/songxu/Developer/suoke_life/services/accessibility-service/cmd/server/main.py", line 40, in setup_logging
    os.makedirs(log_dir, exist_ok=True)
    ~~~~~~~~~~~^^^^^^^^^^^^^^^^^^^^^^^^
  File "<frozen os>", line 227, in makedirs
PermissionError: [Errno 13] Permission denied: '/var/log/accessibility-service'
2025-05-16 13:30:01,372 - root - INFO - 启动 accessibility-service v0.2.0
2025-05-16 13:30:01,372 - root - INFO - 启动 accessibility-service v0.2.0
2025-05-16 13:30:01,372 - root - INFO - 服务地址: 0.0.0.0:50051
2025-05-16 13:30:01,372 - root - INFO - 服务地址: 0.0.0.0:50051
2025-05-16 13:30:01,372 - internal.service.app - INFO - 初始化无障碍服务应用
2025-05-16 13:30:01,372 - internal.service.app - INFO - 初始化无障碍服务应用
2025-05-16 13:30:01,372 - internal.service.app - INFO - 初始化监控服务
2025-05-16 13:30:01,372 - internal.service.app - INFO - 初始化监控服务
2025-05-16 13:30:01,372 - internal.observability.monitoring - INFO - 初始化监控服务
2025-05-16 13:30:01,372 - internal.observability.monitoring - INFO - 初始化监控服务
2025-05-16 13:30:01,372 - internal.observability.monitoring - INFO - 初始化指标客户端，提供者: prometheus
2025-05-16 13:30:01,372 - internal.observability.monitoring - INFO - 初始化指标客户端，提供者: prometheus
2025-05-16 13:30:01,372 - internal.observability.monitoring - INFO - 初始化Prometheus客户端
2025-05-16 13:30:01,372 - internal.observability.monitoring - INFO - 初始化Prometheus客户端
2025-05-16 13:30:01,372 - internal.observability.monitoring - INFO - 初始化追踪客户端，提供者: opentelemetry
2025-05-16 13:30:01,372 - internal.observability.monitoring - INFO - 初始化追踪客户端，提供者: opentelemetry
2025-05-16 13:30:01,372 - internal.observability.monitoring - INFO - 初始化OpenTelemetry追踪器，端点: http://jaeger-collector:14268/api/traces
2025-05-16 13:30:01,372 - internal.observability.monitoring - INFO - 初始化OpenTelemetry追踪器，端点: http://jaeger-collector:14268/api/traces
2025-05-16 13:30:01,372 - internal.observability.monitoring - INFO - 初始化日志客户端，提供者: fluent-bit
2025-05-16 13:30:01,372 - internal.observability.monitoring - INFO - 初始化日志客户端，提供者: fluent-bit
2025-05-16 13:30:01,372 - internal.observability.monitoring - INFO - 初始化Fluent Bit客户端，地址: localhost:24224
2025-05-16 13:30:01,372 - internal.observability.monitoring - INFO - 初始化Fluent Bit客户端，地址: localhost:24224
2025-05-16 13:30:01,372 - internal.observability.monitoring - INFO - 启动监控服务
2025-05-16 13:30:01,372 - internal.observability.monitoring - INFO - 启动监控服务
2025-05-16 13:30:01,372 - root - ERROR - 服务启动失败: 'ConfigSection' object is not iterable
Traceback (most recent call last):
  File "/Users/songxu/Developer/suoke_life/services/accessibility-service/cmd/server/main.py", line 146, in main
    app = AccessibilityApp(config)
  File "/Users/songxu/Developer/suoke_life/services/accessibility-service/internal/service/app.py", line 45, in __init__
    self.monitoring_service = self._init_monitoring_service()
                              ~~~~~~~~~~~~~~~~~~~~~~~~~~~~~^^
  File "/Users/songxu/Developer/suoke_life/services/accessibility-service/internal/service/app.py", line 83, in _init_monitoring_service
    service.setup()
    ~~~~~~~~~~~~~^^
  File "/Users/songxu/Developer/suoke_life/services/accessibility-service/internal/observability/monitoring.py", line 687, in setup
    self._register_common_metrics()
    ~~~~~~~~~~~~~~~~~~~~~~~~~~~~~^^
  File "/Users/songxu/Developer/suoke_life/services/accessibility-service/internal/observability/monitoring.py", line 698, in _register_common_metrics
    self.metrics_client.gauge("accessibility_service_start_time", time.time())
    ~~~~~~~~~~~~~~~~~~~~~~~~~^^^^^^^^^^^^^^^^^^^^^^^^^^^^^^^^^^^^^^^^^^^^^^^^^
  File "/Users/songxu/Developer/suoke_life/services/accessibility-service/internal/observability/monitoring.py", line 116, in gauge
    full_labels = self._merge_labels(labels)
  File "/Users/songxu/Developer/suoke_life/services/accessibility-service/internal/observability/monitoring.py", line 177, in _merge_labels
    result.update(self.default_labels)
    ~~~~~~~~~~~~~^^^^^^^^^^^^^^^^^^^^^
TypeError: 'ConfigSection' object is not iterable
2025-05-16 13:30:01,372 - root - ERROR - 服务启动失败: 'ConfigSection' object is not iterable
Traceback (most recent call last):
  File "/Users/songxu/Developer/suoke_life/services/accessibility-service/cmd/server/main.py", line 146, in main
    app = AccessibilityApp(config)
  File "/Users/songxu/Developer/suoke_life/services/accessibility-service/internal/service/app.py", line 45, in __init__
    self.monitoring_service = self._init_monitoring_service()
                              ~~~~~~~~~~~~~~~~~~~~~~~~~~~~~^^
  File "/Users/songxu/Developer/suoke_life/services/accessibility-service/internal/service/app.py", line 83, in _init_monitoring_service
    service.setup()
    ~~~~~~~~~~~~~^^
  File "/Users/songxu/Developer/suoke_life/services/accessibility-service/internal/observability/monitoring.py", line 687, in setup
    self._register_common_metrics()
    ~~~~~~~~~~~~~~~~~~~~~~~~~~~~~^^
  File "/Users/songxu/Developer/suoke_life/services/accessibility-service/internal/observability/monitoring.py", line 698, in _register_common_metrics
    self.metrics_client.gauge("accessibility_service_start_time", time.time())
    ~~~~~~~~~~~~~~~~~~~~~~~~~^^^^^^^^^^^^^^^^^^^^^^^^^^^^^^^^^^^^^^^^^^^^^^^^^
  File "/Users/songxu/Developer/suoke_life/services/accessibility-service/internal/observability/monitoring.py", line 116, in gauge
    full_labels = self._merge_labels(labels)
  File "/Users/songxu/Developer/suoke_life/services/accessibility-service/internal/observability/monitoring.py", line 177, in _merge_labels
    result.update(self.default_labels)
    ~~~~~~~~~~~~~^^^^^^^^^^^^^^^^^^^^^
TypeError: 'ConfigSection' object is not iterable
WARNING:root:无法创建日志目录: /var/log/accessibility-service，仅使用控制台日志
ERROR:root:服务启动失败: 'ConfigSection' object is not iterable
Traceback (most recent call last):
  File "/Users/songxu/Developer/suoke_life/services/accessibility-service/cmd/server/main.py", line 146, in main
    app = AccessibilityApp(config)
  File "/Users/songxu/Developer/suoke_life/services/accessibility-service/internal/service/app.py", line 45, in __init__
    self.monitoring_service = self._init_monitoring_service()
                              ~~~~~~~~~~~~~~~~~~~~~~~~~~~~~^^
  File "/Users/songxu/Developer/suoke_life/services/accessibility-service/internal/service/app.py", line 83, in _init_monitoring_service
    service.setup()
    ~~~~~~~~~~~~~^^
  File "/Users/songxu/Developer/suoke_life/services/accessibility-service/internal/observability/monitoring.py", line 687, in setup
    self._register_common_metrics()
    ~~~~~~~~~~~~~~~~~~~~~~~~~~~~~^^
  File "/Users/songxu/Developer/suoke_life/services/accessibility-service/internal/observability/monitoring.py", line 698, in _register_common_metrics
    self.metrics_client.gauge("accessibility_service_start_time", time.time())
    ~~~~~~~~~~~~~~~~~~~~~~~~~^^^^^^^^^^^^^^^^^^^^^^^^^^^^^^^^^^^^^^^^^^^^^^^^^
  File "/Users/songxu/Developer/suoke_life/services/accessibility-service/internal/observability/monitoring.py", line 116, in gauge
    full_labels = self._merge_labels(labels)
  File "/Users/songxu/Developer/suoke_life/services/accessibility-service/internal/observability/monitoring.py", line 177, in _merge_labels
    result.update(self.default_labels)
    ~~~~~~~~~~~~~^^^^^^^^^^^^^^^^^^^^^
TypeError: 'ConfigSection' object is not iterable
