2025-05-26 16:49:21,150 - root - INFO - 启动 accessibility-service v0.2.0
2025-05-26 16:49:21,150 - root - INFO - 服务地址: 0.0.0.0:50051
2025-05-26 16:49:21,150 - internal.service.app - INFO - 初始化无障碍服务应用
2025-05-26 16:49:21,150 - internal.service.app - INFO - 初始化监控服务
2025-05-26 16:49:21,150 - internal.observability.monitoring - INFO - 初始化监控服务
2025-05-26 16:49:21,150 - internal.observability.monitoring - ERROR - 初始化指标客户端失败: 配置未定义属性: push_gateway
2025-05-26 16:49:21,150 - internal.observability.monitoring - INFO - 初始化指标客户端，提供者: memory
2025-05-26 16:49:21,150 - internal.observability.monitoring - INFO - 初始化内存指标客户端
2025-05-26 16:49:21,150 - internal.observability.monitoring - ERROR - 初始化追踪客户端失败: 配置未定义属性: endpoint
2025-05-26 16:49:21,150 - internal.observability.monitoring - INFO - 初始化追踪客户端，提供者: memory
2025-05-26 16:49:21,150 - internal.observability.monitoring - INFO - 初始化内存追踪器
2025-05-26 16:49:21,150 - internal.observability.monitoring - ERROR - 初始化日志客户端失败: 配置未定义属性: forward_address
2025-05-26 16:49:21,151 - internal.observability.monitoring - INFO - 初始化日志客户端，提供者: stdout
2025-05-26 16:49:21,151 - internal.observability.monitoring - INFO - 初始化标准输出日志客户端
2025-05-26 16:49:21,151 - internal.observability.monitoring - INFO - 启动监控服务
2025-05-26 16:49:21,151 - internal.observability.monitoring - DEBUG - 仪表盘 accessibility_service_start_time 设置为 1748249361.1510699
2025-05-26 16:49:21,151 - internal.observability.monitoring - DEBUG - 仪表盘 accessibility_service_info 设置为 1
2025-05-26 16:49:21,151 - internal.observability.monitoring - INFO - 配置监控告警规则
2025-05-26 16:49:21,151 - internal.observability.monitoring - DEBUG - 启动Span: accessibility_service (ID: f89f7cbe-83f2-4ab0-b211-3227d0cf4d63)
2025-05-26 16:49:21,151 - internal.observability.monitoring - INFO - 初始化服务根追踪Span: f89f7cbe-83f2-4ab0-b211-3227d0cf4d63
2025-05-26 16:49:21,151 - internal.service.app - INFO - 初始化隐私服务
2025-05-26 16:49:21,151 - internal.security.privacy_service - INFO - 初始化数据分类器
2025-05-26 16:49:21,151 - internal.security.privacy_service - INFO - 初始化分词器
2025-05-26 16:49:21,151 - internal.security.privacy_service - INFO - 初始化隐私服务
2025-05-26 16:49:21,151 - internal.service.app - INFO - 初始化事件总线
2025-05-26 16:49:21,151 - internal.integration.agent_coordination - INFO - 初始化事件总线，类型: memory
2025-05-26 16:49:21,151 - internal.service.app - INFO - 初始化智能体协作服务
2025-05-26 16:49:21,151 - internal.integration.agent_coordination - INFO - 初始化能力注册中心
2025-05-26 16:49:21,151 - internal.integration.agent_coordination - INFO - 初始化智能体客户端
2025-05-26 16:49:21,151 - internal.integration.agent_coordination - ERROR - 初始化智能体客户端失败: 'ConfigSection' object is not subscriptable
2025-05-26 16:49:21,151 - internal.integration.agent_coordination - INFO - 初始化智能体协调服务
2025-05-26 16:49:21,151 - internal.integration.agent_coordination - INFO - 订阅主题: agent.capability.query
2025-05-26 16:49:21,152 - internal.integration.agent_coordination - INFO - 订阅主题: agent.service.discovery
2025-05-26 16:49:21,152 - internal.integration.agent_coordination - INFO - 订阅主题: settings.accessibility.update
2025-05-26 16:49:21,152 - internal.integration.agent_coordination - INFO - 注册无障碍服务能力
2025-05-26 16:49:21,152 - internal.integration.agent_coordination - INFO - 注册能力: blind_assistance (ID: 1447d3a7-13ad-49e8-af94-e0fa530d0149)
2025-05-26 16:49:21,152 - internal.integration.agent_coordination - INFO - 注册能力: sign_language (ID: b76c863c-0033-432d-bb85-989168c393af)
2025-05-26 16:49:21,152 - internal.integration.agent_coordination - INFO - 注册能力: screen_reading (ID: 0cf0ab4e-8044-4656-ad35-017e23f54251)
2025-05-26 16:49:21,152 - internal.integration.agent_coordination - INFO - 注册能力: voice_assistance (ID: d7b0d6a5-201f-4f6d-9630-03c65a194e42)
2025-05-26 16:49:21,152 - internal.integration.agent_coordination - INFO - 注册能力: content_conversion (ID: a3543e50-7afe-4127-9c39-2fdda2b349df)
2025-05-26 16:49:21,152 - internal.integration.agent_coordination - INFO - 批量注册 5 个能力
2025-05-26 16:49:21,152 - internal.integration.agent_coordination - INFO - 已注册 5 个能力
2025-05-26 16:49:21,152 - internal.integration.agent_coordination - INFO - 发布能力更新
2025-05-26 16:49:21,152 - internal.integration.agent_coordination - INFO - 发布事件到主题: accessibility.capabilities.updated
2025-05-26 16:49:21,152 - internal.service.app - INFO - 初始化边缘计算服务
2025-05-26 16:49:21,152 - internal.service.edge_computing - INFO - 边缘计算功能已禁用
2025-05-26 16:49:21,152 - internal.service.app - INFO - 初始化中医无障碍服务
2025-05-26 16:49:21,152 - internal.service.tcm_accessibility - INFO - 初始化中医特色无障碍适配服务
2025-05-26 16:49:21,152 - internal.service.tcm_accessibility - INFO - 加载中医术语数据
2025-05-26 16:49:21,152 - internal.service.tcm_accessibility - INFO - 加载经络穴位数据
2025-05-26 16:49:21,152 - internal.service.app - INFO - 初始化方言支持服务
2025-05-26 16:49:21,152 - internal.service.dialect_service - INFO - 初始化多方言支持服务
2025-05-26 16:49:21,152 - internal.service.dialect_service - INFO - 支持的方言数量: 3
2025-05-26 16:49:21,152 - internal.service.dialect_service - INFO - 加载方言识别模型
2025-05-26 16:49:21,152 - internal.service.dialect_service - DEBUG - 加载方言模型: mandarin
2025-05-26 16:49:21,152 - internal.service.dialect_service - DEBUG - 加载方言模型: cantonese
2025-05-26 16:49:21,152 - internal.service.dialect_service - DEBUG - 加载方言模型: sichuanese
2025-05-26 16:49:21,152 - internal.service.dialect_service - INFO - 成功加载 3 个方言模型
2025-05-26 16:49:21,152 - internal.service.dialect_service - INFO - 加载方言语音合成适配器
2025-05-26 16:49:21,152 - internal.service.dialect_service - DEBUG - 加载方言TTS适配器: mandarin
2025-05-26 16:49:21,152 - internal.service.dialect_service - DEBUG - 加载方言TTS适配器: cantonese
2025-05-26 16:49:21,152 - internal.service.dialect_service - DEBUG - 加载方言TTS适配器: sichuanese
2025-05-26 16:49:21,152 - internal.service.dialect_service - INFO - 成功加载 3 个方言TTS适配器
2025-05-26 16:49:21,152 - internal.service.app - INFO - 初始化后台数据采集服务
2025-05-26 16:49:21,152 - internal.service.background_collection - INFO - 后台数据采集服务初始化完成
2025-05-26 16:49:21,152 - internal.service.background_collection - INFO - 数据加密已设置
2025-05-26 16:49:21,152 - internal.service.app - INFO - 初始化危机报警服务
2025-05-26 16:49:21,152 - internal.service.crisis_alert - INFO - 危机报警服务初始化完成
2025-05-26 16:49:21,152 - internal.service.background_collection - INFO - 已将后台数据采集服务注入到危机报警服务
2025-05-26 16:49:21,152 - internal.service.background_collection - INFO - 已设置危机报警服务集成
2025-05-26 16:49:21,152 - internal.service.app - INFO - 初始化备份调度器
2025-05-26 16:49:21,152 - internal.resilience.disaster_recovery - INFO - 备份功能已禁用，使用默认配置值
2025-05-26 16:49:21,152 - internal.resilience.disaster_recovery - INFO - 初始化备份调度器
2025-05-26 16:49:21,152 - internal.service.app - INFO - 初始化无障碍服务
2025-05-26 16:49:21,152 - internal.service.config_manager - ERROR - 配置文件加载失败: expected str, bytes or os.PathLike object, not dict
2025-05-26 16:49:21,152 - internal.service.config_manager - INFO - 配置加载完成，配置文件: {'features': {'blind_assistance': {'enabled': False, 'max_image_size': 1024, 'confidence_threshold': 0.7, 'obstacle_detection': {'max_distance': 10, 'min_confidence': 0.6}}, 'sign_language': {'enabled': True, 'supported_languages': ['zh-CN', 'en-US'], 'model_options': {'min_detection_confidence': 0.7, 'min_tracking_confidence': 0.5}}, 'screen_reading': {'enabled': True, 'element_detection_threshold': 0.6, 'ocr_conf_threshold': 0.7, 'highlight_elements': True, 'auto_scroll': True}, 'voice_assistance': {'enabled': True, 'supported_dialects': ['mandarin', 'cantonese', 'sichuanese'], 'asr_options': {'sample_rate': 16000, 'timeout_seconds': 30}}, 'content_conversion': {'enabled': True, 'supported_formats': ['audio', 'simplified'], 'simplification_level': 2}}, 'models': {'scene_model': 'microsoft/beit-base-patch16-224-pt22k', 'sign_language_model': 'mediapipe/hands', 'speech_model': {'asr': 'silero-models/silero-stt-model', 'tts': 'silero-models/silero-tts-model'}, 'conversion_model': 'google/flan-t5-base'}, 'performance': {}, 'cache': {}, 'security': {'encryption': {'enabled': False}, 'access_control': {'enabled': False}}}
2025-05-26 16:49:21,152 - internal.service.optimized_accessibility_service - INFO - 导盲服务模块已启用
2025-05-26 16:49:21,152 - internal.service.optimized_accessibility_service - INFO - 手语识别模块已启用
2025-05-26 16:49:21,152 - internal.service.optimized_accessibility_service - INFO - 语音辅助模块已启用
2025-05-26 16:49:21,152 - internal.service.optimized_accessibility_service - INFO - 屏幕阅读模块已启用
2025-05-26 16:49:21,152 - internal.service.optimized_accessibility_service - INFO - 内容转换模块已启用
2025-05-26 16:49:21,153 - internal.service.optimized_accessibility_service - INFO - 翻译服务模块已启用
2025-05-26 16:49:21,153 - internal.service.optimized_accessibility_service - INFO - 设置管理模块已启用
2025-05-26 16:49:21,153 - internal.service.optimized_accessibility_service - INFO - 已启用 7 个模块: blind_assistance, sign_language, voice_assistance, screen_reading, content_conversion, translation, settings
2025-05-26 16:49:21,153 - internal.service.optimized_accessibility_service - INFO - 优化的无障碍服务初始化完成
2025-05-26 16:49:21,153 - internal.service.app - INFO - 所有服务模块初始化完成
2025-05-26 16:49:21,153 - root - INFO - 已启用的服务:
2025-05-26 16:49:21,153 - root - INFO -   - 中医特色无障碍适配服务
2025-05-26 16:49:21,153 - root - INFO -   - 多方言支持服务 (支持 3 种方言)
2025-05-26 16:49:21,153 - root - INFO -   - 智能体协作服务
2025-05-26 16:49:21,153 - root - INFO -   - 监控与可观测性服务
2025-05-26 16:49:21,153 - root - INFO -   - 隐私与安全服务
2025-05-26 16:49:21,153 - internal.service.app - INFO - 启动无障碍服务应用
2025-05-26 16:49:21,153 - internal.observability.monitoring - DEBUG - 计数器 accessibility_app_start 增加 1
2025-05-26 16:49:21,155 - internal.delivery.grpc_server - INFO - 无障碍服务gRPC接口初始化完成
2025-05-26 16:49:21,156 - root - INFO - 无障碍服务启动于: 0.0.0.0:50051
